\BOOKMARK [0][-]{chapter.1}{\376\377\000O\000v\000e\000r\000v\000i\000e\000w}{}% 1
\BOOKMARK [0][-]{chapter.2}{\376\377\000I\000n\000s\000t\000a\000l\000l\000a\000t\000i\000o\000n}{}% 2
\BOOKMARK [0][-]{chapter.3}{\376\377\000Q\000u\000i\000c\000k\000s\000t\000a\000r\000t}{}% 3
\BOOKMARK [0][-]{chapter.4}{\376\377\000I\000n\000p\000u\000t}{}% 4
\BOOKMARK [1][-]{section.4.1}{\376\377\000F\000A\000S\000T\000Q}{chapter.4}% 5
\BOOKMARK [1][-]{section.4.2}{\376\377\000F\000A\000S\000T\000A}{chapter.4}% 6
\BOOKMARK [1][-]{section.4.3}{\376\377\000T\000S\000V}{chapter.4}% 7
\BOOKMARK [1][-]{section.4.4}{\376\377\000O\000u\000t\000p\000u\000t}{chapter.4}% 8
\BOOKMARK [1][-]{section.4.5}{\376\377\000F\000u\000l\000l\000\040\000o\000p\000t\000i\000o\000n\000s\000\040\000l\000i\000s\000t}{chapter.4}% 9
\BOOKMARK [0][-]{chapter.5}{\376\377\000C\000+\000+\000\040\000A\000P\000I}{}% 10
\BOOKMARK [1][-]{section.5.1}{\376\377\000U\000s\000i\000n\000g\000\040\000t\000h\000e\000\040\000A\000P\000I}{chapter.5}% 11
\BOOKMARK [1][-]{section.5.2}{\376\377\000W\000a\000l\000k\000t\000h\000r\000o\000u\000g\000h}{chapter.5}% 12
\BOOKMARK [1][-]{section.5.3}{\376\377\000V\000i\000e\000w\000i\000n\000g\000\040\000a\000n\000d\000\040\000A\000n\000a\000l\000y\000z\000i\000n\000g\000\040\000S\000e\000q\000u\000e\000n\000c\000e\000R\000e\000c\000o\000r\000d\000s}{chapter.5}% 13
\BOOKMARK [1][-]{section.5.4}{\376\377\000C\000o\000m\000p\000i\000l\000a\000t\000i\000o\000n}{chapter.5}% 14
\BOOKMARK [0][-]{chapter.6}{\376\377\000P\000y\000t\000h\000o\000n\000\040\000A\000P\000I}{}% 15
\BOOKMARK [1][-]{section.6.1}{\376\377\000I\000n\000s\000t\000a\000l\000l\000a\000t\000i\000o\000n}{chapter.6}% 16
\BOOKMARK [1][-]{section.6.2}{\376\377\000W\000a\000l\000k\000t\000h\000r\000o\000u\000g\000h}{chapter.6}% 17
\BOOKMARK [0][-]{chapter.7}{\376\377\000J\000a\000v\000a\000\040\000A\000P\000I}{}% 18
\BOOKMARK [1][-]{section.7.1}{\376\377\000I\000n\000s\000t\000a\000l\000l\000a\000t\000i\000o\000n}{chapter.7}% 19
\BOOKMARK [1][-]{section.7.2}{\376\377\000W\000a\000l\000k\000t\000h\000r\000o\000u\000g\000h}{chapter.7}% 20
\BOOKMARK [0][-]{chapter.8}{\376\377\000E\000r\000r\000o\000r\000X\000O\000p\000t\000i\000o\000n\000s}{}% 21
